#
# There is insufficient memory for the Java Runtime Environment to continue.
# Native memory allocation (malloc) failed to allocate 85983232 bytes for committing reserved memory.
# Possible reasons:
#   The system is out of physical RAM or swap space
#   In 32 bit mode, the process size limit was hit
# Possible solutions:
#   Reduce memory load on the system
#   Increase physical memory or swap space
#   Check if swap backing store is full
#   Use 64 bit Java on a 64 bit OS
#   Decrease Java heap size (-Xmx/-Xms)
#   Decrease number of Java threads
#   Decrease Java thread stack sizes (-Xss)
#   Set larger code cache with -XX:ReservedCodeCacheSize=
# This output file may be truncated or incomplete.
#
#  Out of Memory Error (os_linux.cpp:2756), pid=31589, tid=139926634247936
#
# JRE version:  (7.0_76-b13) (build )
# Java VM: Java HotSpot(TM) 64-Bit Server VM (24.76-b04 mixed mode linux-amd64 compressed oops)
# Failed to write core dump. Core dumps have been disabled. To enable core dumping, try "ulimit -c unlimited" before starting Java again
#

---------------  T H R E A D  ---------------

Current thread (0x00007f432c00a800):  JavaThread "Unknown thread" [_thread_in_vm, id=31593, stack(0x00007f4335443000,0x00007f4335544000)]

Stack: [0x00007f4335443000,0x00007f4335544000],  sp=0x00007f4335542230,  free space=1020k
Native frames: (J=compiled Java code, j=interpreted, Vv=VM code, C=native code)
V  [libjvm.so+0x9a32ba]  VMError::report_and_die()+0x2ea
V  [libjvm.so+0x497f7b]  report_vm_out_of_memory(char const*, int, unsigned long, char const*)+0x9b
V  [libjvm.so+0x81fcce]  os::Linux::commit_memory_impl(char*, unsigned long, bool)+0xfe
V  [libjvm.so+0x820219]  os::pd_commit_memory(char*, unsigned long, unsigned long, bool)+0x29
V  [libjvm.so+0x819faa]  os::commit_memory(char*, unsigned long, unsigned long, bool)+0x2a
V  [libjvm.so+0x88d843]  PSVirtualSpace::expand_by(unsigned long)+0x53
V  [libjvm.so+0x87c4b3]  PSOldGen::initialize(ReservedSpace, unsigned long, char const*, int)+0x103
V  [libjvm.so+0x29a9b3]  AdjoiningGenerations::AdjoiningGenerations(ReservedSpace, unsigned long, unsigned long, unsigned long, unsigned long, unsigned long, unsigned long, unsigned long)+0x3e3
V  [libjvm.so+0x8415d5]  ParallelScavengeHeap::initialize()+0x4d5
V  [libjvm.so+0x97518a]  Universe::initialize_heap()+0xca
V  [libjvm.so+0x976359]  universe_init()+0x79
V  [libjvm.so+0x5b1d25]  init_globals()+0x65
V  [libjvm.so+0x95dc4d]  Threads::create_vm(JavaVMInitArgs*, bool*)+0x1ed
V  [libjvm.so+0x639fe4]  JNI_CreateJavaVM+0x74
C  [libjli.so+0x2f8e]  JavaMain+0x9e


---------------  P R O C E S S  ---------------

Java Threads: ( => current thread )

Other Threads:

=>0x00007f432c00a800 (exited) JavaThread "Unknown thread" [_thread_in_vm, id=31593, stack(0x00007f4335443000,0x00007f4335544000)]

VM state:not at safepoint (not fully initialized)

VM Mutex/Monitor currently owned by a thread: None

GC Heap History (0 events):
No events

Deoptimization events (0 events):
No events

Internal exceptions (0 events):
No events

Events (0 events):
No events


Dynamic libraries:
00400000-00401000 r-xp 00000000 08:01 925407                             /usr/lib/jvm/java-7-oracle/bin/java
00600000-00601000 rw-p 00000000 08:01 925407                             /usr/lib/jvm/java-7-oracle/bin/java
0145e000-0147f000 rw-p 00000000 00:00 0                                  [heap]
bae00000-c0000000 rw-p 00000000 00:00 0 
c5200000-eaa80000 rw-p 00000000 00:00 0 
eaa80000-ed400000 rw-p 00000000 00:00 0 
ed400000-100000000 rw-p 00000000 00:00 0 
7f4329000000-7f4329270000 rwxp 00000000 00:00 0 
7f4329270000-7f432c026000 rw-p 00000000 00:00 0 
7f432c026000-7f4330000000 ---p 00000000 00:00 0 
7f43322b9000-7f4332501000 rw-p 00000000 00:00 0 
7f4332501000-7f433267f000 rw-p 00000000 00:00 0 
7f433267f000-7f4332694000 rw-p 00000000 00:00 0 
7f4332694000-7f433272a000 rw-p 00000000 00:00 0 
7f433272a000-7f433272b000 rw-p 00000000 00:00 0 
7f433272b000-7f4332745000 r-xp 00000000 08:01 941848                     /usr/lib/jvm/java-7-oracle/jre/lib/amd64/libzip.so
7f4332745000-7f4332945000 ---p 0001a000 08:01 941848                     /usr/lib/jvm/java-7-oracle/jre/lib/amd64/libzip.so
7f4332945000-7f4332946000 rw-p 0001a000 08:01 941848                     /usr/lib/jvm/java-7-oracle/jre/lib/amd64/libzip.so
7f4332946000-7f4332951000 r-xp 00000000 08:01 131422                     /lib/x86_64-linux-gnu/libnss_files-2.19.so
7f4332951000-7f4332b50000 ---p 0000b000 08:01 131422                     /lib/x86_64-linux-gnu/libnss_files-2.19.so
7f4332b50000-7f4332b51000 r--p 0000a000 08:01 131422                     /lib/x86_64-linux-gnu/libnss_files-2.19.so
7f4332b51000-7f4332b52000 rw-p 0000b000 08:01 131422                     /lib/x86_64-linux-gnu/libnss_files-2.19.so
7f4332b52000-7f4332b5d000 r-xp 00000000 08:01 131505                     /lib/x86_64-linux-gnu/libnss_nis-2.19.so
7f4332b5d000-7f4332d5c000 ---p 0000b000 08:01 131505                     /lib/x86_64-linux-gnu/libnss_nis-2.19.so
7f4332d5c000-7f4332d5d000 r--p 0000a000 08:01 131505                     /lib/x86_64-linux-gnu/libnss_nis-2.19.so
7f4332d5d000-7f4332d5e000 rw-p 0000b000 08:01 131505                     /lib/x86_64-linux-gnu/libnss_nis-2.19.so
7f4332d5e000-7f4332d75000 r-xp 00000000 08:01 131472                     /lib/x86_64-linux-gnu/libnsl-2.19.so
7f4332d75000-7f4332f74000 ---p 00017000 08:01 131472                     /lib/x86_64-linux-gnu/libnsl-2.19.so
7f4332f74000-7f4332f75000 r--p 00016000 08:01 131472                     /lib/x86_64-linux-gnu/libnsl-2.19.so
7f4332f75000-7f4332f76000 rw-p 00017000 08:01 131472                     /lib/x86_64-linux-gnu/libnsl-2.19.so
7f4332f76000-7f4332f78000 rw-p 00000000 00:00 0 
7f4332f78000-7f4332f81000 r-xp 00000000 08:01 131465                     /lib/x86_64-linux-gnu/libnss_compat-2.19.so
7f4332f81000-7f4333180000 ---p 00009000 08:01 131465                     /lib/x86_64-linux-gnu/libnss_compat-2.19.so
7f4333180000-7f4333181000 r--p 00008000 08:01 131465                     /lib/x86_64-linux-gnu/libnss_compat-2.19.so
7f4333181000-7f4333182000 rw-p 00009000 08:01 131465                     /lib/x86_64-linux-gnu/libnss_compat-2.19.so
7f4333182000-7f43331ab000 r-xp 00000000 08:01 941905                     /usr/lib/jvm/java-7-oracle/jre/lib/amd64/libjava.so
7f43331ab000-7f43333ab000 ---p 00029000 08:01 941905                     /usr/lib/jvm/java-7-oracle/jre/lib/amd64/libjava.so
7f43333ab000-7f43333ad000 rw-p 00029000 08:01 941905                     /usr/lib/jvm/java-7-oracle/jre/lib/amd64/libjava.so
7f43333ad000-7f43333ba000 r-xp 00000000 08:01 941882                     /usr/lib/jvm/java-7-oracle/jre/lib/amd64/libverify.so
7f43333ba000-7f43335b9000 ---p 0000d000 08:01 941882                     /usr/lib/jvm/java-7-oracle/jre/lib/amd64/libverify.so
7f43335b9000-7f43335bb000 rw-p 0000c000 08:01 941882                     /usr/lib/jvm/java-7-oracle/jre/lib/amd64/libverify.so
7f43335bb000-7f43335c2000 r-xp 00000000 08:01 131501                     /lib/x86_64-linux-gnu/librt-2.19.so
7f43335c2000-7f43337c1000 ---p 00007000 08:01 131501                     /lib/x86_64-linux-gnu/librt-2.19.so
7f43337c1000-7f43337c2000 r--p 00006000 08:01 131501                     /lib/x86_64-linux-gnu/librt-2.19.so
7f43337c2000-7f43337c3000 rw-p 00007000 08:01 131501                     /lib/x86_64-linux-gnu/librt-2.19.so
7f43337c3000-7f43338c8000 r-xp 00000000 08:01 131412                     /lib/x86_64-linux-gnu/libm-2.19.so
7f43338c8000-7f4333ac7000 ---p 00105000 08:01 131412                     /lib/x86_64-linux-gnu/libm-2.19.so
7f4333ac7000-7f4333ac8000 r--p 00104000 08:01 131412                     /lib/x86_64-linux-gnu/libm-2.19.so
7f4333ac8000-7f4333ac9000 rw-p 00105000 08:01 131412                     /lib/x86_64-linux-gnu/libm-2.19.so
7f4333ac9000-7f433463e000 r-xp 00000000 08:01 941900                     /usr/lib/jvm/java-7-oracle/jre/lib/amd64/server/libjvm.so
7f433463e000-7f433483e000 ---p 00b75000 08:01 941900                     /usr/lib/jvm/java-7-oracle/jre/lib/amd64/server/libjvm.so
7f433483e000-7f4334902000 rw-p 00b75000 08:01 941900                     /usr/lib/jvm/java-7-oracle/jre/lib/amd64/server/libjvm.so
7f4334902000-7f4334943000 rw-p 00000000 00:00 0 
7f4334943000-7f4334afe000 r-xp 00000000 08:01 131491                     /lib/x86_64-linux-gnu/libc-2.19.so
7f4334afe000-7f4334cfd000 ---p 001bb000 08:01 131491                     /lib/x86_64-linux-gnu/libc-2.19.so
7f4334cfd000-7f4334d01000 r--p 001ba000 08:01 131491                     /lib/x86_64-linux-gnu/libc-2.19.so
7f4334d01000-7f4334d03000 rw-p 001be000 08:01 131491                     /lib/x86_64-linux-gnu/libc-2.19.so
7f4334d03000-7f4334d08000 rw-p 00000000 00:00 0 
7f4334d08000-7f4334d0b000 r-xp 00000000 08:01 131439                     /lib/x86_64-linux-gnu/libdl-2.19.so
7f4334d0b000-7f4334f0a000 ---p 00003000 08:01 131439                     /lib/x86_64-linux-gnu/libdl-2.19.so
7f4334f0a000-7f4334f0b000 r--p 00002000 08:01 131439                     /lib/x86_64-linux-gnu/libdl-2.19.so
7f4334f0b000-7f4334f0c000 rw-p 00003000 08:01 131439                     /lib/x86_64-linux-gnu/libdl-2.19.so
7f4334f0c000-7f4334f22000 r-xp 00000000 08:01 943098                     /usr/lib/jvm/java-7-oracle/lib/amd64/jli/libjli.so
7f4334f22000-7f4335122000 ---p 00016000 08:01 943098                     /usr/lib/jvm/java-7-oracle/lib/amd64/jli/libjli.so
7f4335122000-7f4335123000 rw-p 00016000 08:01 943098                     /usr/lib/jvm/java-7-oracle/lib/amd64/jli/libjli.so
7f4335123000-7f433513c000 r-xp 00000000 08:01 131497                     /lib/x86_64-linux-gnu/libpthread-2.19.so
7f433513c000-7f433533b000 ---p 00019000 08:01 131497                     /lib/x86_64-linux-gnu/libpthread-2.19.so
7f433533b000-7f433533c000 r--p 00018000 08:01 131497                     /lib/x86_64-linux-gnu/libpthread-2.19.so
7f433533c000-7f433533d000 rw-p 00019000 08:01 131497                     /lib/x86_64-linux-gnu/libpthread-2.19.so
7f433533d000-7f4335341000 rw-p 00000000 00:00 0 
7f4335341000-7f4335364000 r-xp 00000000 08:01 131476                     /lib/x86_64-linux-gnu/ld-2.19.so
7f4335383000-7f433538d000 rw-p 00000000 00:00 0 
7f433538d000-7f4335443000 rw-p 00000000 00:00 0 
7f4335443000-7f4335446000 ---p 00000000 00:00 0 
7f4335446000-7f4335548000 rw-p 00000000 00:00 0                          [stack:31593]
7f4335555000-7f4335557000 rw-p 00000000 00:00 0 
7f4335557000-7f433555f000 rw-s 00000000 08:01 1995655                    /tmp/hsperfdata_tommaso/31589
7f433555f000-7f4335560000 rw-p 00000000 00:00 0 
7f4335560000-7f4335561000 r--p 00000000 00:00 0 
7f4335561000-7f4335563000 rw-p 00000000 00:00 0 
7f4335563000-7f4335564000 r--p 00022000 08:01 131476                     /lib/x86_64-linux-gnu/ld-2.19.so
7f4335564000-7f4335565000 rw-p 00023000 08:01 131476                     /lib/x86_64-linux-gnu/ld-2.19.so
7f4335565000-7f4335566000 rw-p 00000000 00:00 0 
7fffe8322000-7fffe8343000 rw-p 00000000 00:00 0                          [stack]
7fffe83a1000-7fffe83a3000 r-xp 00000000 00:00 0                          [vdso]
ffffffffff600000-ffffffffff601000 r-xp 00000000 00:00 0                  [vsyscall]

VM Arguments:
jvm_args: -Xmx1024M -Dfile.encoding=UTF-8 -Duser.country=US -Duser.language=en -Duser.variant 
java_command: com.android.dx.command.Main --dex --output /home/tommaso/AndroidStudioProjects/SunCity/app/build/intermediates/dex/debug /home/tommaso/AndroidStudioProjects/SunCity/app/build/intermediates/classes/debug /home/tommaso/AndroidStudioProjects/SunCity/app/build/intermediates/pre-dexed/debug/support-annotations-22.0.0-54896f4160901eb3c9a9eb994c0c978c3f1dabe8.jar /home/tommaso/AndroidStudioProjects/SunCity/app/build/intermediates/pre-dexed/debug/internal_impl-22.0.0-b27999101b8668eb429caa4338715059df3e6598.jar /home/tommaso/AndroidStudioProjects/SunCity/app/build/intermediates/pre-dexed/debug/classes-5784c6f5419fafba5331389f2075aee638cb2bc5.jar /home/tommaso/AndroidStudioProjects/SunCity/app/build/intermediates/pre-dexed/debug/classes-4179dbdda46d0597287f0a3f2668d808e6e5525d.jar
Launcher Type: SUN_STANDARD

Environment Variables:
CLASSPATH=/home/tommaso/android-studio/bin/../lib/bootstrap.jar:/home/tommaso/android-studio/bin/../lib/extensions.jar:/home/tommaso/android-studio/bin/../lib/util.jar:/home/tommaso/android-studio/bin/../lib/jdom.jar:/home/tommaso/android-studio/bin/../lib/log4j.jar:/home/tommaso/android-studio/bin/../lib/trove4j.jar:/home/tommaso/android-studio/bin/../lib/jna.jar:/usr/lib/jvm/java-8-oracle/lib/tools.jar
PATH=/usr/local/sbin:/usr/local/bin:/usr/sbin:/usr/bin:/sbin:/bin:/usr/games:/usr/local/games
USERNAME=tommaso
LD_LIBRARY_PATH=/home/tommaso/android-studio/bin:
SHELL=/bin/bash
DISPLAY=:0

Signal Handlers:
SIGSEGV: [libjvm.so+0x9a3bd0], sa_mask[0]=0x7ffbfeff, sa_flags=0x10000004
SIGBUS: [libjvm.so+0x9a3bd0], sa_mask[0]=0x7ffbfeff, sa_flags=0x10000004
SIGFPE: [libjvm.so+0x81cb60], sa_mask[0]=0x7ffbfeff, sa_flags=0x10000004
SIGPIPE: [libjvm.so+0x81cb60], sa_mask[0]=0x7ffbfeff, sa_flags=0x10000004
SIGXFSZ: [libjvm.so+0x81cb60], sa_mask[0]=0x7ffbfeff, sa_flags=0x10000004
SIGILL: [libjvm.so+0x81cb60], sa_mask[0]=0x7ffbfeff, sa_flags=0x10000004
SIGUSR1: SIG_DFL, sa_mask[0]=0x00000000, sa_flags=0x00000000
SIGUSR2: [libjvm.so+0x81e360], sa_mask[0]=0x00000004, sa_flags=0x10000004
SIGHUP: SIG_DFL, sa_mask[0]=0x00000000, sa_flags=0x00000000
SIGINT: SIG_DFL, sa_mask[0]=0x00000000, sa_flags=0x00000000
SIGTERM: SIG_DFL, sa_mask[0]=0x00000000, sa_flags=0x00000000
SIGQUIT: SIG_DFL, sa_mask[0]=0x00000000, sa_flags=0x00000000


---------------  S Y S T E M  ---------------

OS:jessie/sid

uname:Linux 3.13.0-46-generic #79-Ubuntu SMP Tue Mar 10 20:06:50 UTC 2015 x86_64
libc:glibc 2.19 NPTL 2.19 
rlimit: STACK 8192k, CORE 0k, NPROC 63087, NOFILE 4096, AS infinity
load average:2.06 2.64 1.89

/proc/meminfo:
MemTotal:        8096800 kB
MemFree:          101548 kB
Buffers:            1588 kB
Cached:           901904 kB
SwapCached:            0 kB
Active:          6890972 kB
Inactive:         852008 kB
Active(anon):    6883292 kB
Inactive(anon):   799704 kB
Active(file):       7680 kB
Inactive(file):    52304 kB
Unevictable:          48 kB
Mlocked:              48 kB
SwapTotal:             0 kB
SwapFree:              0 kB
Dirty:               124 kB
Writeback:             0 kB
AnonPages:       6839976 kB
Mapped:           264240 kB
Shmem:            843216 kB
Slab:              82760 kB
SReclaimable:      37320 kB
SUnreclaim:        45440 kB
KernelStack:        7152 kB
PageTables:        72492 kB
NFS_Unstable:          0 kB
Bounce:                0 kB
WritebackTmp:          0 kB
CommitLimit:     4048400 kB
Committed_AS:   14797372 kB
VmallocTotal:   34359738367 kB
VmallocUsed:      356720 kB
VmallocChunk:   34359347796 kB
HardwareCorrupted:     0 kB
AnonHugePages:    993280 kB
HugePages_Total:       0
HugePages_Free:        0
HugePages_Rsvd:        0
HugePages_Surp:        0
Hugepagesize:       2048 kB
DirectMap4k:      128876 kB
DirectMap2M:     6082560 kB
DirectMap1G:     2097152 kB


CPU:total 4 (2 cores per cpu, 2 threads per core) family 6 model 69 stepping 1, cmov, cx8, fxsr, mmx, sse, sse2, sse3, ssse3, sse4.1, sse4.2, popcnt, avx, avx2, aes, erms, ht, tsc, tscinvbit

/proc/cpuinfo:
processor	: 0
vendor_id	: GenuineIntel
cpu family	: 6
model		: 69
model name	: Intel(R) Core(TM) i5-4200U CPU @ 1.60GHz
stepping	: 1
microcode	: 0x17
cpu MHz		: 1400.000
cache size	: 3072 KB
physical id	: 0
siblings	: 4
core id		: 0
cpu cores	: 2
apicid		: 0
initial apicid	: 0
fpu		: yes
fpu_exception	: yes
cpuid level	: 13
wp		: yes
flags		: fpu vme de pse tsc msr pae mce cx8 apic sep mtrr pge mca cmov pat pse36 clflush dts acpi mmx fxsr sse sse2 ss ht tm pbe syscall nx pdpe1gb rdtscp lm constant_tsc arch_perfmon pebs bts rep_good nopl xtopology nonstop_tsc aperfmperf eagerfpu pni pclmulqdq dtes64 monitor ds_cpl vmx est tm2 ssse3 fma cx16 xtpr pdcm pcid sse4_1 sse4_2 movbe popcnt tsc_deadline_timer aes xsave avx f16c rdrand lahf_lm abm ida arat epb xsaveopt pln pts dtherm tpr_shadow vnmi flexpriority ept vpid fsgsbase tsc_adjust bmi1 avx2 smep bmi2 erms invpcid
bogomips	: 4589.45
clflush size	: 64
cache_alignment	: 64
address sizes	: 39 bits physical, 48 bits virtual
power management:

processor	: 1
vendor_id	: GenuineIntel
cpu family	: 6
model		: 69
model name	: Intel(R) Core(TM) i5-4200U CPU @ 1.60GHz
stepping	: 1
microcode	: 0x17
cpu MHz		: 2301.000
cache size	: 3072 KB
physical id	: 0
siblings	: 4
core id		: 1
cpu cores	: 2
apicid		: 2
initial apicid	: 2
fpu		: yes
fpu_exception	: yes
cpuid level	: 13
wp		: yes
flags		: fpu vme de pse tsc msr pae mce cx8 apic sep mtrr pge mca cmov pat pse36 clflush dts acpi mmx fxsr sse sse2 ss ht tm pbe syscall nx pdpe1gb rdtscp lm constant_tsc arch_perfmon pebs bts rep_good nopl xtopology nonstop_tsc aperfmperf eagerfpu pni pclmulqdq dtes64 monitor ds_cpl vmx est tm2 ssse3 fma cx16 xtpr pdcm pcid sse4_1 sse4_2 movbe popcnt tsc_deadline_timer aes xsave avx f16c rdrand lahf_lm abm ida arat epb xsaveopt pln pts dtherm tpr_shadow vnmi flexpriority ept vpid fsgsbase tsc_adjust bmi1 avx2 smep bmi2 erms invpcid
bogomips	: 4589.45
clflush size	: 64
cache_alignment	: 64
address sizes	: 39 bits physical, 48 bits virtual
power management:

processor	: 2
vendor_id	: GenuineIntel
cpu family	: 6
model		: 69
model name	: Intel(R) Core(TM) i5-4200U CPU @ 1.60GHz
stepping	: 1
microcode	: 0x17
cpu MHz		: 2000.000
cache size	: 3072 KB
physical id	: 0
siblings	: 4
core id		: 0
cpu cores	: 2
apicid		: 1
initial apicid	: 1
fpu		: yes
fpu_exception	: yes
cpuid level	: 13
wp		: yes
flags		: fpu vme de pse tsc msr pae mce cx8 apic sep mtrr pge mca cmov pat pse36 clflush dts acpi mmx fxsr sse sse2 ss ht tm pbe syscall nx pdpe1gb rdtscp lm constant_tsc arch_perfmon pebs bts rep_good nopl xtopology nonstop_tsc aperfmperf eagerfpu pni pclmulqdq dtes64 monitor ds_cpl vmx est tm2 ssse3 fma cx16 xtpr pdcm pcid sse4_1 sse4_2 movbe popcnt tsc_deadline_timer aes xsave avx f16c rdrand lahf_lm abm ida arat epb xsaveopt pln pts dtherm tpr_shadow vnmi flexpriority ept vpid fsgsbase tsc_adjust bmi1 avx2 smep bmi2 erms invpcid
bogomips	: 4589.45
clflush size	: 64
cache_alignment	: 64
address sizes	: 39 bits physical, 48 bits virtual
power management:

processor	: 3
vendor_id	: GenuineIntel
cpu family	: 6
model		: 69
model name	: Intel(R) Core(TM) i5-4200U CPU @ 1.60GHz
stepping	: 1
microcode	: 0x17
cpu MHz		: 2301.000
cache size	: 3072 KB
physical id	: 0
siblings	: 4
core id		: 1
cpu cores	: 2
apicid		: 3
initial apicid	: 3
fpu		: yes
fpu_exception	: yes
cpuid level	: 13
wp		: yes
flags		: fpu vme de pse tsc msr pae mce cx8 apic sep mtrr pge mca cmov pat pse36 clflush dts acpi mmx fxsr sse sse2 ss ht tm pbe syscall nx pdpe1gb rdtscp lm constant_tsc arch_perfmon pebs bts rep_good nopl xtopology nonstop_tsc aperfmperf eagerfpu pni pclmulqdq dtes64 monitor ds_cpl vmx est tm2 ssse3 fma cx16 xtpr pdcm pcid sse4_1 sse4_2 movbe popcnt tsc_deadline_timer aes xsave avx f16c rdrand lahf_lm abm ida arat epb xsaveopt pln pts dtherm tpr_shadow vnmi flexpriority ept vpid fsgsbase tsc_adjust bmi1 avx2 smep bmi2 erms invpcid
bogomips	: 4589.45
clflush size	: 64
cache_alignment	: 64
address sizes	: 39 bits physical, 48 bits virtual
power management:



Memory: 4k page, physical 8096800k(101548k free), swap 0k(0k free)

vm_info: Java HotSpot(TM) 64-Bit Server VM (24.76-b04) for linux-amd64 JRE (1.7.0_76-b13), built on Dec 18 2014 16:58:39 by "java_re" with gcc 4.3.0 20080428 (Red Hat 4.3.0-8)

time: Tue Mar 24 18:10:17 2015
elapsed time: 0 seconds

